Electrolux B
Atlas Copco A
Boliden
AstraZeneca
LM Ericsson B
Alfa Laval AB
ABB
ASSA ABLOY B
Atlas Copco B
SEB A
Sandvik AB
Investor B
H&M B
SCA B
Securitas B
Swedbank A
Skanska B
Svenska Handelsbanken A
Volvo B
Tele2 AB
Telia Company
SKF B
SSAB A
Nordea Bank
Axfood AB
Castellum AB
Elekta B
Ericsson A
Fabege
Getinge B
Hexagon B
Holmen
Hufvudstaden A
Husqvarna A
Husqvarna B
Industrivarden A
Investor A
JM AB
Kinnevik AB
Kinnevik B
Investment Latour
Lindab International
Loomis B
Lundbergforetagen B
NCC A
NCC B
Peab B
SAAB B
SCA A
SEB C
SSAB B
Tele2 AB A
Trelleborg B
Volvo A
AAK
Addtech
Afry AB
Autoliv Inc. SDB
AddNode B
Avanza Bank
Fastighets AB Balder B
Beijer Alma
Beijer Ref
Betsson
Bilia
BillerudKorsnas
Bure Equity AB
Catena AB
Clas Ohlson B
Corem Property
Electrolux A
FastPartner
HMS Networks
Holmen
HEXPOL B
Indutrade AB
Industrivarden C
Lagercrantz B
Atrium Ljungberg B
Mycronic publ AB
New Wave Group B
NIBE Industrier B
Nolato B
OEM International B
Sagax AB
Sectra
Svenska Handelsbanken B
SKF A
SkiStar
Swedish Orphan Biovitrum
Stora Enso A
Stora Enso R
SWECO A
SWECO B
Systemair AB
TietoEVRY
Vitec Software B
Vitrolife
Wallenstam B
Wihlborgs Fastigheter
Sagax B
Granges
NP3 Fastigheter AB
Thule Group AB
Lundin Gold Inc
Evolution AB
Bufab Holding AB
Fenix Outdoor International AG
Lifco publ AB
Troax Group
Alimak Hek Group AB
Invisio Communications AB
Pandox AB
Sinch AB
Bravida Holding AB
Dometic Group publ AB
Camurus AB
Scandic Hotels Group AB
AddLife
Sagax D
Embracer Group
AQ AB
MIPS
Intl Petroleum
Medicover
Munters
Essity A
Essity B
Bonesupport
Lundin Mining
BioArctic
Corem Property
Epiroc B
Epiroc A
Nyfosa
EQT AB
Traton
Electrolux Prof
FastPartner AB
Nordnet AB
Yubico AB
Hemnet Group AB
Corem Property Group AB
Vimian Group AB
Storskogen AB
Truecaller AB
Volvo Car AB
Arion banki hf DRC
Engcon AB
Alleima AB
Asmodee AB
Roko AB
Asker Healthcare AB
Alvotech DRC
Hacksaw AB
NOBA Bank AB
Verisure
Sampo Oyj A
4C Group AB
AAK AB
AB Electrolux
AB Electrolux (publ)
AB Industrivärden
AB Industrivärden A
AB Sagax
AB Volvo
ALM Equity AB
AQ Group AB
ASSA ABLOY AB
AddLife AB
Addtech AB
Alimak Group AB (publ)
Alleima AB (publ)
Annehem Fastigheter AB
Annehem Fastigheter AB (publ)
Asker Healthcare Group
Asker Healthcare Group (Publ)
Asker Healthcare Group AB
Asker Healthcare Group AB (Publ.)
Asker Healthcare Group AB (publ)
Asker healthcare  group AB
Asmodee Group AB
AstraZeneca PLC
Atlas Copco AB
Atlas Copco Aktiebolag
Atrium Ljungberg AB
Avanza Bank AB
Avanza Bank Holding AB
Backaheden Fastighets AB
Beijer Alma AB
Beijer Ref AB
Beijer Ref AB (publ)
Berner Industrier
Betsson AB
Betsson B
Bilia AB
Billerud
Billerud AB
BioArctic AB
BioArctic AB (Publ)
BioArctic AB (publ)
Boliden AB
Case Group AB
Castellum Aktiebolag
Clas Ohlson
Clas Ohlson AB
Clas Ohlson Aktiebolag
Clavister Holding AB
Dometic Group
Dometic Group AB
Dometic Group AB (publ)
Electrolux Professional AB
Electrolux Professional AB (publ)
Elekta
Embracer Group AB
Enity Holding AB
Envar Holding AB
Epiroc
Epiroc AB
Essity AB
Evolution AB (publ)
Evolution AB (publ) *
Eyeon Group AB
FOI-B, Fenix Outdoor International AG
Fabege  AB
Fabege AB
Fastighets AB Balder
Fastighets AB Trianon
Fastighets ab Balder
Fastpartner AB
Getinge AB
Granges AB
HEXPOL AB
HMS Network AB
HMS Networks AB
Hacksaw AB (Publ)
Hacksaw AB (publ)
Hacksaw AN
Heba Fastighets AB
Hemnet AB
Hemnet Group AB (publ)
Hexagon AB
Holmen AB
Holmen B
Hufvudstaden AB
Husqvarna AB
Image Systems AB
Indutrade Aktiebolag
Investment AB Latour
Investmentaktiebolaget Latour
Investor Aktiebolag
Kinnevik AB (publ)
Lagercrantz Group AB
Latour, Investmentab.
Lifco AB
Lifco AB (publ)
Lindab International AB
Loomis AB
Lundin Gold Inc.
Lundin Mining Corp.
Lundin Mining Corporation
Lunin Mining Corp.
MIPS AB
MTI Investment AB
Medicover AB
Munters Group
Munters Group AB
Mycronic AB (Publ)
Mycronic AB (publ)
NCAB
NCC AB
NGS Group AB
NIBE Industrier AB
Vimian Group AB (publ)
Neovici Holding AB
Netel Holding AB
New Wave Group AB
Nolato AB
Nordea Bank AB
Nordnet AB (publ)
Nordnet Bank AB
Nordnet. AB (publ)
Nyfosa AB
OEM International AB
OEM International Aktiebolag
OEM International Aktiebolag (publ)
Opsy Holding AB
Peab AB
Preservia Holding AB
Private Investment
Qlife Holding AB
RVRC Holding AB
RVRC Holding AB.
Ranplan Group AB
Real Fastigheter AB (publ)
Röko AB
SSAB AB
SWECO AB
SWECO AB ser. B
Sandvk AB
Scandic Hotels Group
Securitas AB
Sehlhall Fastigheter AB
Sinch AB (publ)
Skanska AB
SkiStar AB
Storskogen Group AB (publ)
Svenska Handelsbanken
Svenska Handelsbanken AB
Svenska Handelsbanken AB (publ)
Swedbank AB
Swedbank AB (publ)
Swedish Orphan Biovitrum AB (publ)
Systemair Aktiebolag
Systemair ab
Telia Company AB
Thunderful Group AB
Trelleborg AB
Triboron International AB
Troax Group AB (publ)
Verisure PLC
Verisure Plc
Verisure plc
Vimab Group AB
Vimian Group AB (publ)
Vimian group AB publ
Vitec Software Group AB
Vitec Software Group AB (publ)
Vitrolife AB
Volvo Car AB (publ)
Vuxen Group AB
W 5 Solutions AB
Wallenstam AB
Wihlborgs Fastigheter AB
Wyld Networks AB
engcon AB
iZafe Group AB
