AcadeMedia
Acast
Alligo B
Ambea
Apotea
Arctic Paper
Arjo
Attendo
Bergman & Beving B
Besqab
Besqab Pref B
Better Collective
BHG Group
BICO Group
BioGaia B
BioInvent International
Bonava A
Bonava B
Boozt
Brinova Fastigheter B
MSEK	Tid
BTS Group B
Byggmax Group
Byggmästare Anders J Ahlström Holding B
Catella A
Catella B
Cavotec Group
CellaVision
Cibus Nordic Real Estate
Cint Group
Cloetta
CoinShares International Limited
Coor Service Management Holding
Creades A
CTT Systems
Diös Fastigheter
Duni
Dustin Group
Dynavox Group
Eastnine
Egetis Therapeutics
Elanders B
Emilshus B
Emilshus Pref
Enea
Enity
Ependion
Ework Group
Fagerhult Group
Fasadgruppen
Flerie
FM Mattsson B
Genova Property Group
Gentoo Media
Green Landscaping Group
Hansa Biopharma
HANZA
Heba B
Hexatronic Group
Hoist Finance
Humana
Humble Group
Instalco
Intea Fastigheter B
Intea Fastigheter D
Intrum
Inwido
ITAB Shop Concept
John Mattson
K-Fast Holding B
KABE Group B
Karnell
Karnov Group
KlaraBo
Knowit
Lime Technologies
Linc
Logistea A
Logistea B
MedCap
MEKO
Meko AB
Meren Energy
MilDef Group
Momentum Group B
Morrow Bank
MTG A
MTG B
NCAB Group
Nederman Holding
Nelly Group
Neobo Fastigheter
Net Insight B
Nivika
Nivika Fastigheter AB
Nivika Fastigheter AB (Publ)
Nivika Fastigheter AB (publ)
Nobia
Norion Bank
Note
Orrön Energy
Ovzon
Platzer Fastigheter Holding B
PowerCell Sweden
Prisma Properties
Proact IT Group
Ratos A
Ratos B
RaySearch Laboratories B
Rejlers B
Revolutionrace
Rusta
SBB Norden B
SBB Norden D
Scandi Standard
Sdiptech B
Sdiptech Pref
Stendörren Fastigheter B
Stenhus Fastigheter i Norden
Stillfront Group
Sveafastigheter
Svedbergs Group B
Svolder A
Svolder B
Swedish Logistic Property B
Synsam
TF Bank
Traction B
Trianon B
VBG Group B
VEF
Vestum
Viaplay Group A
Viaplay Group B
Vicore Pharma Holding
Viscaria
Viva Wine
VNV Global
Volati
Volati Pref
XANO Industri B
Xvivo Perfusion
Öresund
AB Traction
APR Technologies AB
Absolent Group
AcadeMedia AB
Acast AB
Alligo  AB
Alligo AB
Ambea Abp
Ambea abp
Apotea AB
Arjo AB
Attendo AB (publ)
BE Group AB
BE Group AB (publ)
BHG Group AB
BICO Group AB
BICO Group AB (publ).
BTS Group AB
Bergman & Beving AB
Bergman & Beving Aktiebolag
BioGaia AB
BioInvent International Aktiebolag
Biovica International AB
Bonava AB (publ)
Boozt AB
Brinova Fastigheter AB (publ)
Byggmax Group AB
Byggmästare Anders J Ahlström Holding AB
Byggmästare Anders J Ahlström Holding AB (publ)
CTT Systems AB
Catella AB
Cavotec
Cavotec Group AB
Cavotec Group AB (publ)
Cavotec SA
CellaVision AB
Cibus Nordic Real Estate AB
Cibus Nordic Real Estate AB (publ)
Cint Group AB
Cint Group AB (publ)
Cint Group AB (publ) *
Cint Group AP
Cloetta AB
Coor Service Management Holding AB
Coor Service Manangement Holding AB
Creades AB
Diös Fastigheter AB
Duni AB
Dustin Group AB
Dynavox Group AB
Egetis Therapeutica AB (publ)
Egetis Therapeutics AB (publ)
Elanders AB
Enea AB
Ependion AB
FM Mattsson AB (publ)
Fagerhult Group AB
Fasadgruppen Group AB
Fasadgruppen Group AB (publ)
Flerie AB
Fortinova Fastigheter AB (publ)
Genmtoo Media
Genova Property Group AB
Genova Property Group AB (publ)
Genova property group ab
Gentoo Media INC
Gentoo Media Inc
Gentoo Media Inc.
Gentoo Mredia
Green Landscaping Group AB (publ)
Green Landscaping group AB (publ
HANZA AB
Hansa Biopharma AB
Hansabiopharma
Hexatronic Group AB
Hoist Finance AB (publ)
Humana AB
Humble Group AB
IRLAB Therapeutics AB
ITAB Shop Concept AB
ITAB Shop Concept AB (publ)
Instalco AB
Intea Fastigheter AB (publ)
Intrum AB
K-Fast Holding AB
Karnov Group AB (publ)
Lime Technologies AB (publ)
Linc AB
Logistea AB
Logistea AB (publ)
MEKO AB
MedCap AB
Meren Energy Inc.
MilDef Group AB
Momentum Group AB
Morrow Bank AB
NCAB Group AB (publ)
Nederman Holding AB
Nederman Holding Aktiebolag
Nelly Group AB (publ)
Neobo Fastigheter AB (publ)
Net Insight AB
Nischer Properties AB
Nivika Fastigheter aB
Nobia AB
Norion Bank AB
OptiCept Technologies AB
Orrön Energy AB
Ovzon AB
Platzer Fastigheter Holding AB
Platzer Fastigheter Holding AB (publ)
Powercell Sweden AB (publ)
Prisma Properties AB
Proact IT Group AB
Ratos AB
RaySearch Laboratories AB (publ)
Rusta AB
Scandi Standard AB (publ)
Sdiptech AB (publ)
Stendörren Fastigheter AB
Stenhus Fastigheter i Norden AB (publ)
Stillfront Group AB (publ)
Sustainion Group AB
Sveafastigheter AB
Sveafastigheter AB (publ)
Svedbergs Group AB
Svolder AB
Svolder Aktiebolag
Swedish Logistic Property AB
Synsam AB
TF Bank AB
TF Banlk AB
VNV Global AB (publ)
Vestum AB
Viaplay Group AB (publ)
Vicore Pharma Holding AB
Viva Wine Group AB
Volati AB
XANO Industri AB
Xbrane Biopharma AB
Xvivo Perfusion AB
Xvivo Perfusion Aktiebolag
Xvivo Perfusion Inc
eWork Group AB
genova property group ab
hexatronic group
